CPEN 431 Test Client
Time: Fri Feb 03 10:50:48 UTC 2017
Build Date: Fri Feb 03 06:50:54 UTC 2017
Java process ID: 29194
Running test in submit mode for student ID: 31580129!

[A4 BASIC Tests]

[Test isAlive]
TEST_PASSED
Server is up.
Checking if server is up ...
Server is up.
Results server is up. Secret is valid.

[ TEST Basic PUT/GET (PUT -> GET). Value Length = 32 Bytes. Pausing 10 between PUT & GET. ]
TEST_PASSED

[ TEST Basic REMOVE (PUT -> GET -> REM -> GET). Value Length = 32 Bytes. ]
TEST_PASSED

[ TEST Basic REMOVE (PUT -> PUT -> GET). Value Length = 32 Bytes. ]
TEST_PASSED

[ TEST Basic REMOVE (PUT -> REM -> REM). Value Length = 32 Bytes. ]
TEST_PASSED

[ TEST Invalid Command. ]
TEST_PASSED

[ TEST Multi Client Performance (1 clients, 400 closed loops per client): PUT -> GET (closed loop) ]
[Test isAlive]
Test Passed. Server is ok.

TEST_PASSED
Test Status: TEST_PASSED
Clients: 1
Total Requests (without replies): 800
Total Requests (including replies): 800
Successful Responses: 800
Timeout Responses: 0
Total Failed Responses: 0
% Success: 100.0
% Timeout: 0.0
% Failed: 0.0
Response Time (Successful requests):
[max] 19ms, [min] 5ms
[avg] 6.19625 ms, [stdev] 0.9773617229562422ms
Throughput: 150.51740357478835 requests per second
Goodput: 150.51740357478835 requests per second
Retry Rate (Successful requests): 1.0
Pausing for 10 seconds to wait for the cache to be cleared!

[ TEST Multi Client Performance (2 clients, 400 closed loops per client): PUT -> GET (closed loop) ]
[Test isAlive]
Test Passed. Server is ok.

TEST_PASSED
Test Status: TEST_PASSED
Clients: 2
Total Requests (without replies): 1600
Total Requests (including replies): 1600
Successful Responses: 1600
Timeout Responses: 0
Total Failed Responses: 0
% Success: 100.0
% Timeout: 0.0
% Failed: 0.0
Response Time (Successful requests):
[max] 62ms, [min] 5ms
[avg] 7.264375 ms, [stdev] 6.459158680461086ms
Throughput: 263.93929396238866 requests per second
Goodput: 263.93929396238866 requests per second
Retry Rate (Successful requests): 1.0
Pausing for 10 seconds to wait for the cache to be cleared!

[ TEST Multi Client Performance (4 clients, 400 closed loops per client): PUT -> GET (closed loop) ]
[Test isAlive]
Test Passed. Server is ok.

TEST_PASSED
Test Status: TEST_PASSED
Clients: 4
Total Requests (without replies): 3200
Total Requests (including replies): 3200
Successful Responses: 3200
Timeout Responses: 0
Total Failed Responses: 0
% Success: 100.0
% Timeout: 0.0
% Failed: 0.0
Response Time (Successful requests):
[max] 41ms, [min] 5ms
[avg] 11.2078125 ms, [stdev] 7.701112027807586ms
Throughput: 349.1162993672267 requests per second
Goodput: 349.1162993672267 requests per second
Retry Rate (Successful requests): 1.0
Pausing for 10 seconds to wait for the cache to be cleared!

[ TEST Multi Client Performance (8 clients, 400 closed loops per client): PUT -> GET (closed loop) ]
[Test isAlive]
Test Passed. Server is ok.

TEST_PASSED
Test Status: TEST_PASSED
Clients: 8
Total Requests (without replies): 6400
Total Requests (including replies): 6400
Successful Responses: 6400
Timeout Responses: 0
Total Failed Responses: 0
% Success: 100.0
% Timeout: 0.0
% Failed: 0.0
Response Time (Successful requests):
[max] 38ms, [min] 5ms
[avg] 8.7859375 ms, [stdev] 3.0190213225636584ms
Throughput: 883.0022075055188 requests per second
Goodput: 883.0022075055188 requests per second
Retry Rate (Successful requests): 1.0
Pausing for 10 seconds to wait for the cache to be cleared!


[ TEST Basic PUT/GET (PUT -> GET). Value Length = 8 Bytes ]
TEST_PASSED
[ TEST Basic PUT/GET (PUT -> GET). Value Length = 32 Bytes ]
TEST_PASSED
[ TEST Basic PUT/GET (PUT -> GET). Value Length = 2048 Bytes ]
TEST_PASSED
[ TEST Basic PUT/GET (PUT -> GET). Value Length = 10000 Bytes ]
TEST_PASSED

[ TEST At-Most-Once Client Policy (PUT -> REM -> REM) ]
TEST_PASSED

[ TEST Multi Client Crash: PUT -> GET (closed loop) + REM -> WIPEOUT (closed loop) ]
[Test isAlive]
Test Passed. Server is ok.
TEST_PASSED
Pausing for 10 seconds to wait for the cache to be cleared!

[ TEST Single Client Capacity (Value Size = 7500 bytes, Limit = 9786 PUTs, ~69.99492645263672 MiB) : PUT -> GET (closed loop) ]
ERROR_OUT_OF_SPACE
Received error code after 2479 closed loops (~17.731189727783203 MiB).
PUTs sent = 2479(~17.731189727783203 MiB) , Limit = 9786
[Test isAlive]
Test Passed. Server is ok.
TEST_PASSED
Pausing for 10 seconds to wait for the cache to be cleared!

[ TEST Single Client Capacity (Value Size = 10000 bytes, Limit = 7340 PUTs, ~69.99969482421875 MiB) : PUT -> GET (closed loop) ]
ERROR_OUT_OF_SPACE
Received error code after 1 closed loops (~0.0095367431640625 MiB).
PUTs sent = 1(~0.0095367431640625 MiB) , Limit = 7340
[Test isAlive]
Test Passed. Server is ok.
TEST_PASSED
Results Summary:
Test Start Time : Fri Feb 03 10:50:49 UTC 2017
Client Local IP : planetlab01.cs.washington.edu/128.208.4.197
Client Local Hostname : planetlab01.cs.washington.edu
Server List : 142.103.2.2_19999_
1 Client(s) Throughput (Requests per Second) : 151.0
1 Client(s) Goodput (Requests per Second) : 151.0
1 Client(s) Maximum Response Time (ms) : 19.0
1 Client(s) Average Response Time (ms) : 7.0
1 Client(s) STDEV Response Time (ms) : 1.0
2 Client(s) Throughput (Requests per Second) : 264.0
2 Client(s) Goodput (Requests per Second) : 264.0
2 Client(s) Maximum Response Time (ms) : 62.0
2 Client(s) Average Response Time (ms) : 8.0
2 Client(s) STDEV Response Time (ms) : 7.0
4 Client(s) Throughput (Requests per Second) : 350.0
4 Client(s) Goodput (Requests per Second) : 350.0
4 Client(s) Maximum Response Time (ms) : 41.0
4 Client(s) Average Response Time (ms) : 12.0
4 Client(s) STDEV Response Time (ms) : 8.0
8 Client(s) Throughput (Requests per Second) : 884.0
8 Client(s) Goodput (Requests per Second) : 884.0
8 Client(s) Maximum Response Time (ms) : 38.0
8 Client(s) Average Response Time (ms) : 9.0
8 Client(s) STDEV Response Time (ms) : 4.0
At-most-once : 3.0
Multi-Client Crash : 3.0
Single Client Capacity (MiB) : 18.0
Single Client Capacity Test 1 : 3.0
Single Client Capacity (MiB) : 1.0
Single Client Capacity Test 2 : 3.0
Result Verification Code : 20936.0
Results server is up. Secret is valid.
Results successfully submitted.

Completed A4 Evaluation Tests.
Testing completed in 272.593s
